Using pre-set license
Built from '2020.3/staging' branch; Version is '2020.3.33f1 (915a7af8b0d5) revision 9525882'; Using compiler version '192528614'; Build Type 'Release'
OS: 'Windows 11  (10.0.22621) 64bit Core' Language: 'ja' Physical Memory: 16205 MB
BatchMode: 1, IsHumanControllingUs: 0, StartBugReporterOnCrash: 0, Is64bit: 1, IsPro: 0

COMMAND LINE ARGUMENTS:
C:\Program Files\Unity\Hub\Editor\2020.3.33f1\Editor\Unity.exe
-adb2
-batchMode
-noUpm
-name
AssetImportWorker0
-projectPath
C:/Users/cyber.MSI/Desktop/Projects/Tetris
-logFile
Logs/AssetImportWorker0.log
-srvPort
50007
Successfully changed project path to: C:/Users/cyber.MSI/Desktop/Projects/Tetris
C:/Users/cyber.MSI/Desktop/Projects/Tetris
Using Asset Import Pipeline V2.
Refreshing native plugins compatible for Editor in 43.74 ms, found 3 plugins.
Preloading 0 native plugins for Editor in 0.00 ms.
Initialize engine version: 2020.3.33f1 (915a7af8b0d5)
[Subsystems] Discovering subsystems at path C:/Program Files/Unity/Hub/Editor/2020.3.33f1/Editor/Data/Resources/UnitySubsystems
[Subsystems] Discovering subsystems at path C:/Users/cyber.MSI/Desktop/Projects/Tetris/Assets
GfxDevice: creating device client; threaded=0
Direct3D:
    Version:  Direct3D 11.0 [level 11.1]
    Renderer: NVIDIA GeForce RTX 3060 Laptop GPU (ID=0x2520)
    Vendor:   
    VRAM:     6023 MB
    Driver:   31.0.15.1640
Initialize mono
Mono path[0] = 'C:/Program Files/Unity/Hub/Editor/2020.3.33f1/Editor/Data/Managed'
Mono path[1] = 'C:/Program Files/Unity/Hub/Editor/2020.3.33f1/Editor/Data/MonoBleedingEdge/lib/mono/unityjit'
Mono config path = 'C:/Program Files/Unity/Hub/Editor/2020.3.33f1/Editor/Data/MonoBleedingEdge/etc'
Using monoOptions --debugger-agent=transport=dt_socket,embedding=1,server=y,suspend=n,address=127.0.0.1:56972
Begin MonoManager ReloadAssembly
Registering precompiled unity dll's ...
Register platform support module: C:/Program Files/Unity/Hub/Editor/2020.3.33f1/Editor/Data/PlaybackEngines/WindowsStandaloneSupport/UnityEditor.WindowsStandalone.Extensions.dll
Registered in 0.001357 seconds.
Native extension for WindowsStandalone target not found
Refreshing native plugins compatible for Editor in 43.84 ms, found 3 plugins.
Preloading 0 native plugins for Editor in 0.00 ms.
Mono: successfully reloaded assembly
- Completed reload, in  0.588 seconds
Domain Reload Profiling:
	ReloadAssembly (589ms)
		BeginReloadAssembly (64ms)
			ExecutionOrderSort (0ms)
			DisableScriptedObjects (0ms)
			BackupInstance (0ms)
			ReleaseScriptingObjects (0ms)
			CreateAndSetChildDomain (1ms)
		EndReloadAssembly (453ms)
			LoadAssemblies (62ms)
			RebuildTransferFunctionScriptingTraits (0ms)
			SetupTypeCache (152ms)
			ReleaseScriptCaches (0ms)
			RebuildScriptCaches (29ms)
			SetupLoadedEditorAssemblies (174ms)
				LogAssemblyErrors (0ms)
				InitializePlatformSupportModulesInManaged (4ms)
				SetLoadedEditorAssemblies (0ms)
				RefreshPlugins (44ms)
				BeforeProcessingInitializeOnLoad (13ms)
				ProcessInitializeOnLoadAttributes (85ms)
				ProcessInitializeOnLoadMethodAttributes (28ms)
				AfterProcessingInitializeOnLoad (0ms)
				EditorAssembliesLoaded (0ms)
			ExecutionOrderSort2 (0ms)
			AwakeInstancesAfterBackupRestoration (0ms)
Platform modules already initialized, skipping
Registering precompiled user dll's ...
Registered in 0.002591 seconds.
Begin MonoManager ReloadAssembly
Symbol file LoadedFromMemory doesn't match image C:\Users\cyber.MSI\Desktop\Projects\Tetris\Library\PackageCache\com.unity.collab-proxy@1.15.15\Lib\Editor\PlasticSCM\unityplastic.dll
Native extension for WindowsStandalone target not found
Refreshing native plugins compatible for Editor in 42.23 ms, found 3 plugins.
Preloading 0 native plugins for Editor in 0.00 ms.
Mono: successfully reloaded assembly
- Completed reload, in  1.040 seconds
Domain Reload Profiling:
	ReloadAssembly (1041ms)
		BeginReloadAssembly (141ms)
			ExecutionOrderSort (0ms)
			DisableScriptedObjects (4ms)
			BackupInstance (0ms)
			ReleaseScriptingObjects (0ms)
			CreateAndSetChildDomain (18ms)
		EndReloadAssembly (847ms)
			LoadAssemblies (94ms)
			RebuildTransferFunctionScriptingTraits (0ms)
			SetupTypeCache (275ms)
			ReleaseScriptCaches (1ms)
			RebuildScriptCaches (46ms)
			SetupLoadedEditorAssemblies (320ms)
				LogAssemblyErrors (0ms)
				InitializePlatformSupportModulesInManaged (4ms)
				SetLoadedEditorAssemblies (0ms)
				RefreshPlugins (42ms)
				BeforeProcessingInitializeOnLoad (72ms)
				ProcessInitializeOnLoadAttributes (180ms)
				ProcessInitializeOnLoadMethodAttributes (17ms)
				AfterProcessingInitializeOnLoad (5ms)
				EditorAssembliesLoaded (0ms)
			ExecutionOrderSort2 (0ms)
			AwakeInstancesAfterBackupRestoration (6ms)
Platform modules already initialized, skipping
========================================================================
Worker process is ready to serve import requests
Launched and connected shader compiler UnityShaderCompiler.exe after 0.04 seconds
Refreshing native plugins compatible for Editor in 0.41 ms, found 3 plugins.
Preloading 0 native plugins for Editor in 0.00 ms.
Unloading 2202 Unused Serialized files (Serialized files now loaded: 0)
System memory in use before: 97.0 MB.
System memory in use after: 97.0 MB.

Unloading 31 unused Assets to reduce memory usage. Loaded Objects now: 2633.
Total: 4.275100 ms (FindLiveObjects: 0.295200 ms CreateObjectMapping: 0.171600 ms MarkObjects: 3.651300 ms  DeleteObjects: 0.155800 ms)

AssetImportParameters requested are different than current active one (requested -> active):
  custom:framework-win-MediaFoundation: 216162199b28c13a410421893ffa2e32 -> 
  custom:video-decoder-ogg-theora: a1e56fd34408186e4bbccfd4996cb3dc -> 
  custom:container-muxer-webm: aa71ff27fc2769a1b78a27578f13a17b -> 
  custom:container-demuxer-webm: 4f35f7cbe854078d1ac9338744f61a02 -> 
  custom:container-demuxer-ogg: 62fdf1f143b41e24485cea50d1cbac27 -> 
  custom:video-encoder-webm-vp8: eb34c28f22e8b96e1ab97ce403110664 -> 
  custom:video-decoder-webm-vp8: 9c59270c3fd7afecdb556c50c9e8de78 -> 
  custom:audio-decoder-ogg-vorbis: bf7c407c2cedff20999df2af8eb42d56 -> 
  custom:audio-encoder-webm-vorbis: bf7c407c2cedff20999df2af8eb42d56 -> 
========================================================================
Received Import Request.
  path: Assets/Sprites
  artifactKey: Guid(4b001770c498a9f42a2ec66e34e9d3a1) Importer(815301076,1909f56bfc062723c751e8b465ee728b)
Start importing Assets/Sprites using Guid(4b001770c498a9f42a2ec66e34e9d3a1) Importer(815301076,1909f56bfc062723c751e8b465ee728b)  -> (artifact id: 'f52b1a3b82778c30ad3b01deb83cfddd') in 0.008665 seconds 
========================================================================
Received Import Request.
  Time since last request: 312.575737 seconds.
  path: Assets/Sprites/block.png
  artifactKey: Guid(b613d2a0aedc1fe4f84f52aed72f8f41) Importer(815301076,1909f56bfc062723c751e8b465ee728b)
Start importing Assets/Sprites/block.png using Guid(b613d2a0aedc1fe4f84f52aed72f8f41) Importer(815301076,1909f56bfc062723c751e8b465ee728b)  -> (artifact id: 'da607f5d05a8fb11e59f168c88ff0b8a') in 0.084642 seconds 
========================================================================
Received Import Request.
  Time since last request: 0.000229 seconds.
  path: Assets/Sprites/empty.png
  artifactKey: Guid(e5bac7bb4c9e5f0419ec5ed04fc7eff5) Importer(815301076,1909f56bfc062723c751e8b465ee728b)
Start importing Assets/Sprites/empty.png using Guid(e5bac7bb4c9e5f0419ec5ed04fc7eff5) Importer(815301076,1909f56bfc062723c751e8b465ee728b)  -> (artifact id: '912aaed75b0e0b767b959e1b5278ea12') in 0.013102 seconds 
========================================================================
Received Import Request.
  Time since last request: 32.122457 seconds.
  path: Assets/Sprites/Block.png
  artifactKey: Guid(b613d2a0aedc1fe4f84f52aed72f8f41) Importer(815301076,1909f56bfc062723c751e8b465ee728b)
Start importing Assets/Sprites/Block.png using Guid(b613d2a0aedc1fe4f84f52aed72f8f41) Importer(815301076,1909f56bfc062723c751e8b465ee728b)  -> (artifact id: '89fe454bc9bd238cb15f74fc7bcf7a8f') in 0.022423 seconds 
========================================================================
Received Import Request.
  Time since last request: 39.744379 seconds.
  path: Assets/Sprites/Block.png
  artifactKey: Guid(b613d2a0aedc1fe4f84f52aed72f8f41) Importer(815301076,1909f56bfc062723c751e8b465ee728b)
Start importing Assets/Sprites/Block.png using Guid(b613d2a0aedc1fe4f84f52aed72f8f41) Importer(815301076,1909f56bfc062723c751e8b465ee728b)  -> (artifact id: '756221fc44719a9625e18412a1119e10') in 0.012808 seconds 
========================================================================
Received Import Request.
  Time since last request: 92.480662 seconds.
  path: Assets/Sprites/empty.png
  artifactKey: Guid(e5bac7bb4c9e5f0419ec5ed04fc7eff5) Importer(815301076,1909f56bfc062723c751e8b465ee728b)
Start importing Assets/Sprites/empty.png using Guid(e5bac7bb4c9e5f0419ec5ed04fc7eff5) Importer(815301076,1909f56bfc062723c751e8b465ee728b)  -> (artifact id: '0617db7e2295e5f5c71862ead7c3e489') in 0.011951 seconds 
========================================================================
Received Import Request.
  Time since last request: 269.332372 seconds.
  path: Assets/Sprites/Block 1.png
  artifactKey: Guid(616128df00bec064db5598b350501215) Importer(815301076,1909f56bfc062723c751e8b465ee728b)
Start importing Assets/Sprites/Block 1.png using Guid(616128df00bec064db5598b350501215) Importer(815301076,1909f56bfc062723c751e8b465ee728b)  -> (artifact id: 'd8c82b4d979e280bf1d81933607b034b') in 0.015083 seconds 
========================================================================
Received Import Request.
  Time since last request: 20.579770 seconds.
  path: Assets/Sprites/Block 1.png
  artifactKey: Guid(616128df00bec064db5598b350501215) Importer(815301076,1909f56bfc062723c751e8b465ee728b)
Start importing Assets/Sprites/Block 1.png using Guid(616128df00bec064db5598b350501215) Importer(815301076,1909f56bfc062723c751e8b465ee728b)  -> (artifact id: '73c8747ef3771e212173a1435e48321a') in 0.014092 seconds 
========================================================================
Received Import Request.
  Time since last request: 16.622381 seconds.
  path: Assets/Sprites/Block.png
  artifactKey: Guid(616128df00bec064db5598b350501215) Importer(815301076,1909f56bfc062723c751e8b465ee728b)
Start importing Assets/Sprites/Block.png using Guid(616128df00bec064db5598b350501215) Importer(815301076,1909f56bfc062723c751e8b465ee728b)  -> (artifact id: '616c7f9b8efc19253302970fba177e77') in 0.012644 seconds 
========================================================================
Received Import Request.
  Time since last request: 23.641909 seconds.
  path: Assets/Sprites/empty.png
  artifactKey: Guid(e5bac7bb4c9e5f0419ec5ed04fc7eff5) Importer(815301076,1909f56bfc062723c751e8b465ee728b)
Start importing Assets/Sprites/empty.png using Guid(e5bac7bb4c9e5f0419ec5ed04fc7eff5) Importer(815301076,1909f56bfc062723c751e8b465ee728b)  -> (artifact id: '8d33a64d7a6a26392e8637929068c0e8') in 0.015994 seconds 
========================================================================
Received Import Request.
  Time since last request: 5.924759 seconds.
  path: Assets/Sprites/empty.png
  artifactKey: Guid(e5bac7bb4c9e5f0419ec5ed04fc7eff5) Importer(815301076,1909f56bfc062723c751e8b465ee728b)
Start importing Assets/Sprites/empty.png using Guid(e5bac7bb4c9e5f0419ec5ed04fc7eff5) Importer(815301076,1909f56bfc062723c751e8b465ee728b)  -> (artifact id: 'db54f7070cc440ab6191db657e4790bd') in 0.013122 seconds 
========================================================================
Received Import Request.
  Time since last request: 34.959021 seconds.
  path: Assets/Prefabs
  artifactKey: Guid(7e9317ffcd61d734c8c3d29dd2f9b411) Importer(815301076,1909f56bfc062723c751e8b465ee728b)
Start importing Assets/Prefabs using Guid(7e9317ffcd61d734c8c3d29dd2f9b411) Importer(815301076,1909f56bfc062723c751e8b465ee728b)  -> (artifact id: 'e3e329d664d3f96b6a35412ce200601a') in 0.009176 seconds 
========================================================================
Received Import Request.
  Time since last request: 32.356203 seconds.
  path: Assets/Prefabs/empty.prefab
  artifactKey: Guid(ce808217cf7d2014ba52bc88cdef7e6c) Importer(815301076,1909f56bfc062723c751e8b465ee728b)
Start importing Assets/Prefabs/empty.prefab using Guid(ce808217cf7d2014ba52bc88cdef7e6c) Importer(815301076,1909f56bfc062723c751e8b465ee728b)  -> (artifact id: '65c69069428b20c48f2aee84eba05de3') in 0.043371 seconds 
========================================================================
Received Import Request.
  Time since last request: 206.071605 seconds.
  path: Assets/Sprites/Block.png
  artifactKey: Guid(616128df00bec064db5598b350501215) Importer(815301076,1909f56bfc062723c751e8b465ee728b)
Start importing Assets/Sprites/Block.png using Guid(616128df00bec064db5598b350501215) Importer(815301076,1909f56bfc062723c751e8b465ee728b)  -> (artifact id: 'b7df64135c5c3cba4826a91c7d50b8a8') in 0.015345 seconds 
========================================================================
Received Import Request.
  Time since last request: 13.322802 seconds.
  path: Assets/Sprites/Block.png
  artifactKey: Guid(616128df00bec064db5598b350501215) Importer(815301076,1909f56bfc062723c751e8b465ee728b)
Start importing Assets/Sprites/Block.png using Guid(616128df00bec064db5598b350501215) Importer(815301076,1909f56bfc062723c751e8b465ee728b)  -> (artifact id: 'de47248b5bd5e9ee71eea0915217ca12') in 0.014188 seconds 
========================================================================
Received Import Request.
  Time since last request: 97.328461 seconds.
  path: Assets/Prefabs/Block_I.prefab
  artifactKey: Guid(f5602dadb80d77f4faa62d4c698a995e) Importer(815301076,1909f56bfc062723c751e8b465ee728b)
Start importing Assets/Prefabs/Block_I.prefab using Guid(f5602dadb80d77f4faa62d4c698a995e) Importer(815301076,1909f56bfc062723c751e8b465ee728b)  -> (artifact id: '43d1ac0142467022fbb71d1af283d50d') in 0.018487 seconds 
========================================================================
Received Import Request.
  Time since last request: 110.189216 seconds.
  path: Assets/Prefabs/Block_J.prefab
  artifactKey: Guid(43ef8bf4482ac4648879cb4c840848db) Importer(815301076,1909f56bfc062723c751e8b465ee728b)
Start importing Assets/Prefabs/Block_J.prefab using Guid(43ef8bf4482ac4648879cb4c840848db) Importer(815301076,1909f56bfc062723c751e8b465ee728b)  -> (artifact id: '493a88d548b83791d2c09739a8bf1f2b') in 0.016629 seconds 
========================================================================
Received Import Request.
  Time since last request: 44.517759 seconds.
  path: Assets/Prefabs/Block_L.prefab
  artifactKey: Guid(79bb1a5951372ce4fad2e3b88b3eb104) Importer(815301076,1909f56bfc062723c751e8b465ee728b)
Start importing Assets/Prefabs/Block_L.prefab using Guid(79bb1a5951372ce4fad2e3b88b3eb104) Importer(815301076,1909f56bfc062723c751e8b465ee728b)  -> (artifact id: 'fb1c95ba37d2b6218c955cd3a0cd5a82') in 0.019207 seconds 
========================================================================
Received Import Request.
  Time since last request: 48.239261 seconds.
  path: Assets/Prefabs/Block_O.prefab
  artifactKey: Guid(90bab6ec6aba3264db2ad24dd216f454) Importer(815301076,1909f56bfc062723c751e8b465ee728b)
Start importing Assets/Prefabs/Block_O.prefab using Guid(90bab6ec6aba3264db2ad24dd216f454) Importer(815301076,1909f56bfc062723c751e8b465ee728b)  -> (artifact id: '9a25e0447b4adff829e4d26d22512c69') in 0.018546 seconds 
========================================================================
Received Import Request.
  Time since last request: 56.870212 seconds.
  path: Assets/Prefabs/Block_S.prefab
  artifactKey: Guid(b6b0fd7746188214a866246f9f4f0326) Importer(815301076,1909f56bfc062723c751e8b465ee728b)
Start importing Assets/Prefabs/Block_S.prefab using Guid(b6b0fd7746188214a866246f9f4f0326) Importer(815301076,1909f56bfc062723c751e8b465ee728b)  -> (artifact id: '4e9d083f89f4d12dea4c32eed44a8607') in 0.017492 seconds 
========================================================================
Received Import Request.
  Time since last request: 40.270985 seconds.
  path: Assets/Prefabs/Block_T.prefab
  artifactKey: Guid(592c2890f3c110a4ab0b275c5c0a178a) Importer(815301076,1909f56bfc062723c751e8b465ee728b)
Start importing Assets/Prefabs/Block_T.prefab using Guid(592c2890f3c110a4ab0b275c5c0a178a) Importer(815301076,1909f56bfc062723c751e8b465ee728b)  -> (artifact id: '5fc4c6fed8859a93ce7b5b04b513c2b6') in 0.015508 seconds 
========================================================================
Received Import Request.
  Time since last request: 60.706704 seconds.
  path: Assets/Prefabs/Block_Z.prefab
  artifactKey: Guid(3e0a176e5100d894587b69ac34686ae2) Importer(815301076,1909f56bfc062723c751e8b465ee728b)
Start importing Assets/Prefabs/Block_Z.prefab using Guid(3e0a176e5100d894587b69ac34686ae2) Importer(815301076,1909f56bfc062723c751e8b465ee728b)  -> (artifact id: '3066d5507bbed66b66adc3b86611cead') in 0.018755 seconds 
========================================================================
Received Import Request.
  Time since last request: 48.843223 seconds.
  path: Assets/Scripts
  artifactKey: Guid(2c7fe3707e44a3841b5934e9e60b716f) Importer(815301076,1909f56bfc062723c751e8b465ee728b)
Start importing Assets/Scripts using Guid(2c7fe3707e44a3841b5934e9e60b716f) Importer(815301076,1909f56bfc062723c751e8b465ee728b)  -> (artifact id: 'abeb650991f7d493658c09e3016d69b6') in 0.008186 seconds 
========================================================================
Received Import Request.
  Time since last request: 16.956942 seconds.
  path: Assets/Scripts/Board.cs
  artifactKey: Guid(22d6c45505b1c7640aef7b75fa8d7313) Importer(815301076,1909f56bfc062723c751e8b465ee728b)
Start importing Assets/Scripts/Board.cs using Guid(22d6c45505b1c7640aef7b75fa8d7313) Importer(815301076,1909f56bfc062723c751e8b465ee728b)  -> (artifact id: '028f7fe1b3a1a0002cd08f478603093b') in 0.009598 seconds 
========================================================================
Received Prepare
Registering precompiled user dll's ...
Registered in 0.065626 seconds.
Begin MonoManager ReloadAssembly
Symbol file LoadedFromMemory doesn't match image C:\Users\cyber.MSI\Desktop\Projects\Tetris\Library\PackageCache\com.unity.collab-proxy@1.15.15\Lib\Editor\PlasticSCM\unityplastic.dll
Native extension for WindowsStandalone target not found
Refreshing native plugins compatible for Editor in 0.49 ms, found 3 plugins.
Preloading 0 native plugins for Editor in 0.00 ms.
Mono: successfully reloaded assembly
- Completed reload, in  0.912 seconds
Domain Reload Profiling:
	ReloadAssembly (913ms)
		BeginReloadAssembly (108ms)
			ExecutionOrderSort (0ms)
			DisableScriptedObjects (5ms)
			BackupInstance (0ms)
			ReleaseScriptingObjects (0ms)
			CreateAndSetChildDomain (34ms)
		EndReloadAssembly (750ms)
			LoadAssemblies (88ms)
			RebuildTransferFunctionScriptingTraits (0ms)
			SetupTypeCache (273ms)
			ReleaseScriptCaches (1ms)
			RebuildScriptCaches (38ms)
			SetupLoadedEditorAssemblies (265ms)
				LogAssemblyErrors (0ms)
				InitializePlatformSupportModulesInManaged (4ms)
				SetLoadedEditorAssemblies (0ms)
				RefreshPlugins (1ms)
				BeforeProcessingInitializeOnLoad (84ms)
				ProcessInitializeOnLoadAttributes (162ms)
				ProcessInitializeOnLoadMethodAttributes (10ms)
				AfterProcessingInitializeOnLoad (4ms)
				EditorAssembliesLoaded (0ms)
			ExecutionOrderSort2 (0ms)
			AwakeInstancesAfterBackupRestoration (9ms)
Platform modules already initialized, skipping
Refreshing native plugins compatible for Editor in 0.46 ms, found 3 plugins.
Preloading 0 native plugins for Editor in 0.00 ms.
Unloading 2198 Unused Serialized files (Serialized files now loaded: 0)
System memory in use before: 100.0 MB.
System memory in use after: 100.0 MB.

Unloading 20 unused Assets to reduce memory usage. Loaded Objects now: 2646.
Total: 3.281700 ms (FindLiveObjects: 0.193900 ms CreateObjectMapping: 0.121600 ms MarkObjects: 2.807500 ms  DeleteObjects: 0.157400 ms)

AssetImportParameters requested are different than current active one (requested -> active):
  custom:framework-win-MediaFoundation: 216162199b28c13a410421893ffa2e32 -> 
  custom:video-decoder-ogg-theora: a1e56fd34408186e4bbccfd4996cb3dc -> 
  custom:container-muxer-webm: aa71ff27fc2769a1b78a27578f13a17b -> 
  custom:container-demuxer-webm: 4f35f7cbe854078d1ac9338744f61a02 -> 
  custom:container-demuxer-ogg: 62fdf1f143b41e24485cea50d1cbac27 -> 
  custom:video-encoder-webm-vp8: eb34c28f22e8b96e1ab97ce403110664 -> 
  custom:video-decoder-webm-vp8: 9c59270c3fd7afecdb556c50c9e8de78 -> 
  custom:audio-decoder-ogg-vorbis: bf7c407c2cedff20999df2af8eb42d56 -> 
  custom:audio-encoder-webm-vorbis: bf7c407c2cedff20999df2af8eb42d56 -> 
========================================================================
Received Import Request.
  Time since last request: 826.022198 seconds.
  path: Assets/Scripts/Board.cs
  artifactKey: Guid(22d6c45505b1c7640aef7b75fa8d7313) Importer(815301076,1909f56bfc062723c751e8b465ee728b)
Start importing Assets/Scripts/Board.cs using Guid(22d6c45505b1c7640aef7b75fa8d7313) Importer(815301076,1909f56bfc062723c751e8b465ee728b)  -> (artifact id: '178653ed860d40421c9bf7575e41a17a') in 0.014563 seconds 
AssetImportWorkerClient::OnTransportError - code=2 error=End of file
